17-10-2020 15:24:02.850 [35m[restartedMain][0;39m [34mINFO [0;39m com.sda.SpringBootDemo.logStarting - Starting SpringBootDemo on HP with PID 216 (C:\Workspace\Springcore_bls10\springbootdemo\target\classes started by Rafa³ in C:\Workspace\Springcore_bls10\springbootdemo)
17-10-2020 15:24:02.854 [35m[restartedMain][0;39m [39mDEBUG[0;39m com.sda.SpringBootDemo.logStarting - Running with Spring Boot v2.3.4.RELEASE, Spring v5.2.9.RELEASE
17-10-2020 15:24:02.855 [35m[restartedMain][0;39m [34mINFO [0;39m com.sda.SpringBootDemo.logStartupProfileInfo - No active profile set, falling back to default profiles: default
17-10-2020 15:24:02.944 [35m[restartedMain][0;39m [34mINFO [0;39m o.s.b.d.e.DevToolsPropertyDefaultsPostProcessor.logTo - Devtools property defaults active! Set 'spring.devtools.add-properties' to 'false' to disable
17-10-2020 15:24:02.944 [35m[restartedMain][0;39m [34mINFO [0;39m o.s.b.d.e.DevToolsPropertyDefaultsPostProcessor.logTo - For additional web related logging consider setting the 'logging.level.web' property to 'DEBUG'
17-10-2020 15:24:03.967 [35m[restartedMain][0;39m [34mINFO [0;39m o.s.d.r.c.RepositoryConfigurationDelegate.registerRepositoriesIn - Bootstrapping Spring Data JPA repositories in DEFERRED mode.
17-10-2020 15:24:04.037 [35m[restartedMain][0;39m [34mINFO [0;39m o.s.d.r.c.RepositoryConfigurationDelegate.registerRepositoriesIn - Finished Spring Data repository scanning in 62ms. Found 2 JPA repository interfaces.
17-10-2020 15:24:04.983 [35m[restartedMain][0;39m [34mINFO [0;39m o.s.b.w.e.tomcat.TomcatWebServer.initialize - Tomcat initialized with port(s): 8080 (http)
17-10-2020 15:24:04.992 [35m[restartedMain][0;39m [34mINFO [0;39m o.a.coyote.http11.Http11NioProtocol.log - Initializing ProtocolHandler ["http-nio-8080"]
17-10-2020 15:24:04.993 [35m[restartedMain][0;39m [34mINFO [0;39m o.a.catalina.core.StandardService.log - Starting service [Tomcat]
17-10-2020 15:24:04.993 [35m[restartedMain][0;39m [34mINFO [0;39m o.a.catalina.core.StandardEngine.log - Starting Servlet engine: [Apache Tomcat/9.0.38]
17-10-2020 15:24:05.091 [35m[restartedMain][0;39m [34mINFO [0;39m o.a.c.c.C.[Tomcat].[localhost].[/].log - Initializing Spring embedded WebApplicationContext
17-10-2020 15:24:05.091 [35m[restartedMain][0;39m [34mINFO [0;39m o.s.b.w.s.c.ServletWebServerApplicationContext.prepareWebApplicationContext - Root WebApplicationContext: initialization completed in 2147 ms
17-10-2020 15:24:05.353 [35m[restartedMain][0;39m [34mINFO [0;39m o.f.c.i.license.VersionPrinter.info - Flyway Community Edition 6.4.4 by Redgate
17-10-2020 15:24:05.361 [35m[restartedMain][0;39m [34mINFO [0;39m com.zaxxer.hikari.HikariDataSource.getConnection - HikariPool-1 - Starting...
17-10-2020 15:24:05.567 [35m[restartedMain][0;39m [34mINFO [0;39m com.zaxxer.hikari.HikariDataSource.getConnection - HikariPool-1 - Start completed.
17-10-2020 15:24:05.687 [35m[restartedMain][0;39m [34mINFO [0;39m o.f.c.i.database.DatabaseFactory.info - Database: jdbc:mysql://localhost:3306/spring-example (MySQL 5.7)
17-10-2020 15:24:05.749 [35m[restartedMain][0;39m [34mINFO [0;39m o.f.core.internal.command.DbValidate.info - Successfully validated 2 migrations (execution time 00:00.028s)
17-10-2020 15:24:05.756 [35m[restartedMain][0;39m [34mINFO [0;39m o.f.core.internal.command.DbMigrate.info - Current version of schema `spring-example`: 2
17-10-2020 15:24:05.757 [35m[restartedMain][0;39m [34mINFO [0;39m o.f.core.internal.command.DbMigrate.info - Schema `spring-example` is up to date. No migration necessary.
17-10-2020 15:24:05.858 [35m[restartedMain][0;39m [34mINFO [0;39m o.s.s.c.ThreadPoolTaskExecutor.initialize - Initializing ExecutorService 'applicationTaskExecutor'
17-10-2020 15:24:05.901 [35m[task-1][0;39m [34mINFO [0;39m o.h.jpa.internal.util.LogHelper.logPersistenceUnitInformation - HHH000204: Processing PersistenceUnitInfo [name: default]
17-10-2020 15:24:05.953 [35m[task-1][0;39m [34mINFO [0;39m org.hibernate.Version.logVersion - HHH000412: Hibernate ORM core version 5.4.21.Final
17-10-2020 15:24:05.971 [35m[restartedMain][0;39m [31mWARN [0;39m o.s.b.a.o.j.JpaBaseConfiguration$JpaWebConfiguration.openEntityManagerInViewInterceptor - spring.jpa.open-in-view is enabled by default. Therefore, database queries may be performed during view rendering. Explicitly configure spring.jpa.open-in-view to disable this warning
17-10-2020 15:24:06.103 [35m[task-1][0;39m [34mINFO [0;39m o.h.annotations.common.Version.<clinit> - HCANN000001: Hibernate Commons Annotations {5.1.0.Final}
17-10-2020 15:24:06.219 [35m[task-1][0;39m [34mINFO [0;39m org.hibernate.dialect.Dialect.<init> - HHH000400: Using dialect: org.hibernate.dialect.MySQL5InnoDBDialect
17-10-2020 15:24:06.310 [35m[restartedMain][0;39m [31mWARN [0;39m o.s.b.a.t.ThymeleafAutoConfiguration$DefaultTemplateResolverConfiguration.checkTemplateLocationExists - Cannot find template location: classpath:/templates/ (please add some templates or check your Thymeleaf configuration)
17-10-2020 15:24:06.904 [35m[task-1][0;39m [34mINFO [0;39m o.h.e.t.j.p.i.JtaPlatformInitiator.initiateService - HHH000490: Using JtaPlatform implementation: [org.hibernate.engine.transaction.jta.platform.internal.NoJtaPlatform]
17-10-2020 15:24:06.911 [35m[task-1][0;39m [34mINFO [0;39m o.s.o.j.LocalContainerEntityManagerFactoryBean.buildNativeEntityManagerFactory - Initialized JPA EntityManagerFactory for persistence unit 'default'
17-10-2020 15:24:06.930 [35m[task-2][0;39m [34mINFO [0;39m o.s.b.d.a.OptionalLiveReloadServer.startServer - LiveReload server is running on port 35729
17-10-2020 15:24:07.022 [35m[restartedMain][0;39m [34mINFO [0;39m o.s.b.a.s.s.UserDetailsServiceAutoConfiguration.getOrDeducePassword - 

Using generated security password: 6ca7c242-4bcf-47e8-99ca-3d34111f4b0c

17-10-2020 15:24:07.134 [35m[restartedMain][0;39m [34mINFO [0;39m o.s.s.web.DefaultSecurityFilterChain.<init> - Creating filter chain: any request, [org.springframework.security.web.context.request.async.WebAsyncManagerIntegrationFilter@63929376, org.springframework.security.web.context.SecurityContextPersistenceFilter@5a213c77, org.springframework.security.web.header.HeaderWriterFilter@2864d9c3, org.springframework.security.web.csrf.CsrfFilter@612b3f95, org.springframework.security.web.authentication.logout.LogoutFilter@77d81bdd, org.springframework.security.web.authentication.UsernamePasswordAuthenticationFilter@54cc8e62, org.springframework.security.web.authentication.ui.DefaultLoginPageGeneratingFilter@38928a2a, org.springframework.security.web.authentication.ui.DefaultLogoutPageGeneratingFilter@32f017b3, org.springframework.security.web.authentication.www.BasicAuthenticationFilter@699dc70b, org.springframework.security.web.savedrequest.RequestCacheAwareFilter@490e2b79, org.springframework.security.web.servletapi.SecurityContextHolderAwareRequestFilter@46b194db, org.springframework.security.web.authentication.AnonymousAuthenticationFilter@75fd9340, org.springframework.security.web.session.SessionManagementFilter@6404dffc, org.springframework.security.web.access.ExceptionTranslationFilter@1c313a81, org.springframework.security.web.access.intercept.FilterSecurityInterceptor@72e8bd3d]
17-10-2020 15:24:07.182 [35m[restartedMain][0;39m [34mINFO [0;39m o.s.b.a.e.web.EndpointLinksResolver.<init> - Exposing 2 endpoint(s) beneath base path '/actuator'
17-10-2020 15:24:07.222 [35m[restartedMain][0;39m [34mINFO [0;39m o.a.coyote.http11.Http11NioProtocol.log - Starting ProtocolHandler ["http-nio-8080"]
17-10-2020 15:24:07.248 [35m[restartedMain][0;39m [34mINFO [0;39m o.s.b.w.e.tomcat.TomcatWebServer.start - Tomcat started on port(s): 8080 (http) with context path ''
17-10-2020 15:24:07.249 [35m[restartedMain][0;39m [34mINFO [0;39m o.s.d.r.c.DeferredRepositoryInitializationListener.onApplicationEvent - Triggering deferred initialization of Spring Data repositories…
17-10-2020 15:24:07.765 [35m[restartedMain][0;39m [34mINFO [0;39m o.s.d.r.c.DeferredRepositoryInitializationListener.onApplicationEvent - Spring Data repositories initialized!
17-10-2020 15:24:07.784 [35m[restartedMain][0;39m [34mINFO [0;39m com.sda.SpringBootDemo.logStarted - Started SpringBootDemo in 5.275 seconds (JVM running for 6.193)
17-10-2020 15:24:07.876 [35m[restartedMain][0;39m [34mINFO [0;39m o.s.b.a.l.ConditionEvaluationReportLoggingListener.logMessage - 

Error starting ApplicationContext. To display the conditions report re-run your application with 'debug' enabled.
17-10-2020 15:24:07.887 [35m[restartedMain][0;39m [1;31mERROR[0;39m o.s.boot.SpringApplication.reportFailure - Application run failed
java.lang.IllegalStateException: Failed to execute CommandLineRunner
	at org.springframework.boot.SpringApplication.callRunner(SpringApplication.java:798)
	at org.springframework.boot.SpringApplication.callRunners(SpringApplication.java:779)
	at org.springframework.boot.SpringApplication.run(SpringApplication.java:322)
	at org.springframework.boot.SpringApplication.run(SpringApplication.java:1237)
	at org.springframework.boot.SpringApplication.run(SpringApplication.java:1226)
	at com.sda.SpringBootDemo.main(SpringBootDemo.java:19)
	at sun.reflect.NativeMethodAccessorImpl.invoke0(Native Method)
	at sun.reflect.NativeMethodAccessorImpl.invoke(NativeMethodAccessorImpl.java:62)
	at sun.reflect.DelegatingMethodAccessorImpl.invoke(DelegatingMethodAccessorImpl.java:43)
	at java.lang.reflect.Method.invoke(Method.java:498)
	at org.springframework.boot.devtools.restart.RestartLauncher.run(RestartLauncher.java:49)
Caused by: org.hibernate.LazyInitializationException: could not initialize proxy [com.sda.model.User#1] - no Session
	at org.hibernate.proxy.AbstractLazyInitializer.initialize(AbstractLazyInitializer.java:170)
	at org.hibernate.proxy.AbstractLazyInitializer.getImplementation(AbstractLazyInitializer.java:310)
	at org.hibernate.proxy.pojo.bytebuddy.ByteBuddyInterceptor.intercept(ByteBuddyInterceptor.java:45)
	at org.hibernate.proxy.ProxyConfiguration$InterceptorDispatcher.intercept(ProxyConfiguration.java:95)
	at com.sda.model.User$HibernateProxy$N35oFaH6.toString(Unknown Source)
	at java.lang.String.valueOf(String.java:2994)
	at java.io.PrintStream.println(PrintStream.java:821)
	at com.sda.SpringBootDemo.run(SpringBootDemo.java:25)
	at org.springframework.boot.SpringApplication.callRunner(SpringApplication.java:795)
	... 10 common frames omitted
17-10-2020 15:24:08.214 [35m[restartedMain][0;39m [34mINFO [0;39m o.s.o.j.LocalContainerEntityManagerFactoryBean.destroy - Closing JPA EntityManagerFactory for persistence unit 'default'
17-10-2020 15:24:08.216 [35m[restartedMain][0;39m [34mINFO [0;39m o.s.s.c.ThreadPoolTaskExecutor.shutdown - Shutting down ExecutorService 'applicationTaskExecutor'
17-10-2020 15:24:08.218 [35m[restartedMain][0;39m [34mINFO [0;39m com.zaxxer.hikari.HikariDataSource.close - HikariPool-1 - Shutdown initiated...
17-10-2020 15:24:08.223 [35m[restartedMain][0;39m [34mINFO [0;39m com.zaxxer.hikari.HikariDataSource.close - HikariPool-1 - Shutdown completed.
17-10-2020 15:24:33.617 [35m[restartedMain][0;39m [34mINFO [0;39m com.sda.SpringBootDemo.logStarting - Starting SpringBootDemo on HP with PID 7160 (C:\Workspace\Springcore_bls10\springbootdemo\target\classes started by Rafa³ in C:\Workspace\Springcore_bls10\springbootdemo)
17-10-2020 15:24:33.621 [35m[restartedMain][0;39m [39mDEBUG[0;39m com.sda.SpringBootDemo.logStarting - Running with Spring Boot v2.3.4.RELEASE, Spring v5.2.9.RELEASE
17-10-2020 15:24:33.622 [35m[restartedMain][0;39m [34mINFO [0;39m com.sda.SpringBootDemo.logStartupProfileInfo - No active profile set, falling back to default profiles: default
17-10-2020 15:24:33.694 [35m[restartedMain][0;39m [34mINFO [0;39m o.s.b.d.e.DevToolsPropertyDefaultsPostProcessor.logTo - Devtools property defaults active! Set 'spring.devtools.add-properties' to 'false' to disable
17-10-2020 15:24:33.694 [35m[restartedMain][0;39m [34mINFO [0;39m o.s.b.d.e.DevToolsPropertyDefaultsPostProcessor.logTo - For additional web related logging consider setting the 'logging.level.web' property to 'DEBUG'
17-10-2020 15:24:34.824 [35m[restartedMain][0;39m [34mINFO [0;39m o.s.d.r.c.RepositoryConfigurationDelegate.registerRepositoriesIn - Bootstrapping Spring Data JPA repositories in DEFERRED mode.
17-10-2020 15:24:34.897 [35m[restartedMain][0;39m [34mINFO [0;39m o.s.d.r.c.RepositoryConfigurationDelegate.registerRepositoriesIn - Finished Spring Data repository scanning in 62ms. Found 2 JPA repository interfaces.
17-10-2020 15:24:35.804 [35m[restartedMain][0;39m [34mINFO [0;39m o.s.b.w.e.tomcat.TomcatWebServer.initialize - Tomcat initialized with port(s): 8080 (http)
17-10-2020 15:24:35.813 [35m[restartedMain][0;39m [34mINFO [0;39m o.a.coyote.http11.Http11NioProtocol.log - Initializing ProtocolHandler ["http-nio-8080"]
17-10-2020 15:24:35.815 [35m[restartedMain][0;39m [34mINFO [0;39m o.a.catalina.core.StandardService.log - Starting service [Tomcat]
17-10-2020 15:24:35.816 [35m[restartedMain][0;39m [34mINFO [0;39m o.a.catalina.core.StandardEngine.log - Starting Servlet engine: [Apache Tomcat/9.0.38]
17-10-2020 15:24:35.907 [35m[restartedMain][0;39m [34mINFO [0;39m o.a.c.c.C.[Tomcat].[localhost].[/].log - Initializing Spring embedded WebApplicationContext
17-10-2020 15:24:35.907 [35m[restartedMain][0;39m [34mINFO [0;39m o.s.b.w.s.c.ServletWebServerApplicationContext.prepareWebApplicationContext - Root WebApplicationContext: initialization completed in 2213 ms
17-10-2020 15:24:36.171 [35m[restartedMain][0;39m [34mINFO [0;39m o.f.c.i.license.VersionPrinter.info - Flyway Community Edition 6.4.4 by Redgate
17-10-2020 15:24:36.178 [35m[restartedMain][0;39m [34mINFO [0;39m com.zaxxer.hikari.HikariDataSource.getConnection - HikariPool-1 - Starting...
17-10-2020 15:24:36.323 [35m[restartedMain][0;39m [34mINFO [0;39m com.zaxxer.hikari.HikariDataSource.getConnection - HikariPool-1 - Start completed.
17-10-2020 15:24:36.439 [35m[restartedMain][0;39m [34mINFO [0;39m o.f.c.i.database.DatabaseFactory.info - Database: jdbc:mysql://localhost:3306/spring-example (MySQL 5.7)
17-10-2020 15:24:36.495 [35m[restartedMain][0;39m [34mINFO [0;39m o.f.core.internal.command.DbValidate.info - Successfully validated 2 migrations (execution time 00:00.028s)
17-10-2020 15:24:36.504 [35m[restartedMain][0;39m [34mINFO [0;39m o.f.core.internal.command.DbMigrate.info - Current version of schema `spring-example`: 2
17-10-2020 15:24:36.505 [35m[restartedMain][0;39m [34mINFO [0;39m o.f.core.internal.command.DbMigrate.info - Schema `spring-example` is up to date. No migration necessary.
17-10-2020 15:24:36.594 [35m[restartedMain][0;39m [34mINFO [0;39m o.s.s.c.ThreadPoolTaskExecutor.initialize - Initializing ExecutorService 'applicationTaskExecutor'
17-10-2020 15:24:36.635 [35m[task-1][0;39m [34mINFO [0;39m o.h.jpa.internal.util.LogHelper.logPersistenceUnitInformation - HHH000204: Processing PersistenceUnitInfo [name: default]
17-10-2020 15:24:36.691 [35m[task-1][0;39m [34mINFO [0;39m org.hibernate.Version.logVersion - HHH000412: Hibernate ORM core version 5.4.21.Final
17-10-2020 15:24:36.713 [35m[restartedMain][0;39m [31mWARN [0;39m o.s.b.a.o.j.JpaBaseConfiguration$JpaWebConfiguration.openEntityManagerInViewInterceptor - spring.jpa.open-in-view is enabled by default. Therefore, database queries may be performed during view rendering. Explicitly configure spring.jpa.open-in-view to disable this warning
17-10-2020 15:24:36.831 [35m[task-1][0;39m [34mINFO [0;39m o.h.annotations.common.Version.<clinit> - HCANN000001: Hibernate Commons Annotations {5.1.0.Final}
17-10-2020 15:24:36.948 [35m[task-1][0;39m [34mINFO [0;39m org.hibernate.dialect.Dialect.<init> - HHH000400: Using dialect: org.hibernate.dialect.MySQL5InnoDBDialect
17-10-2020 15:24:37.039 [35m[restartedMain][0;39m [31mWARN [0;39m o.s.b.a.t.ThymeleafAutoConfiguration$DefaultTemplateResolverConfiguration.checkTemplateLocationExists - Cannot find template location: classpath:/templates/ (please add some templates or check your Thymeleaf configuration)
17-10-2020 15:24:37.675 [35m[task-1][0;39m [34mINFO [0;39m o.h.e.t.j.p.i.JtaPlatformInitiator.initiateService - HHH000490: Using JtaPlatform implementation: [org.hibernate.engine.transaction.jta.platform.internal.NoJtaPlatform]
17-10-2020 15:24:37.683 [35m[task-1][0;39m [34mINFO [0;39m o.s.o.j.LocalContainerEntityManagerFactoryBean.buildNativeEntityManagerFactory - Initialized JPA EntityManagerFactory for persistence unit 'default'
17-10-2020 15:24:37.701 [35m[task-2][0;39m [34mINFO [0;39m o.s.b.d.a.OptionalLiveReloadServer.startServer - LiveReload server is running on port 35729
17-10-2020 15:24:37.782 [35m[restartedMain][0;39m [34mINFO [0;39m o.s.b.a.s.s.UserDetailsServiceAutoConfiguration.getOrDeducePassword - 

Using generated security password: 4948b44c-a1a5-47bd-9e4e-3e72768f273d

17-10-2020 15:24:37.891 [35m[restartedMain][0;39m [34mINFO [0;39m o.s.s.web.DefaultSecurityFilterChain.<init> - Creating filter chain: any request, [org.springframework.security.web.context.request.async.WebAsyncManagerIntegrationFilter@146b8554, org.springframework.security.web.context.SecurityContextPersistenceFilter@739eefeb, org.springframework.security.web.header.HeaderWriterFilter@79c48b10, org.springframework.security.web.csrf.CsrfFilter@54dd8761, org.springframework.security.web.authentication.logout.LogoutFilter@50faa708, org.springframework.security.web.authentication.UsernamePasswordAuthenticationFilter@8a06870, org.springframework.security.web.authentication.ui.DefaultLoginPageGeneratingFilter@59681a63, org.springframework.security.web.authentication.ui.DefaultLogoutPageGeneratingFilter@13cc8d62, org.springframework.security.web.authentication.www.BasicAuthenticationFilter@45ccf89b, org.springframework.security.web.savedrequest.RequestCacheAwareFilter@73d64ffe, org.springframework.security.web.servletapi.SecurityContextHolderAwareRequestFilter@317bb8e4, org.springframework.security.web.authentication.AnonymousAuthenticationFilter@67f1bc9d, org.springframework.security.web.session.SessionManagementFilter@29a2e66a, org.springframework.security.web.access.ExceptionTranslationFilter@54bf5490, org.springframework.security.web.access.intercept.FilterSecurityInterceptor@53200835]
17-10-2020 15:24:37.936 [35m[restartedMain][0;39m [34mINFO [0;39m o.s.b.a.e.web.EndpointLinksResolver.<init> - Exposing 2 endpoint(s) beneath base path '/actuator'
17-10-2020 15:24:37.969 [35m[restartedMain][0;39m [34mINFO [0;39m o.a.coyote.http11.Http11NioProtocol.log - Starting ProtocolHandler ["http-nio-8080"]
17-10-2020 15:24:37.998 [35m[restartedMain][0;39m [34mINFO [0;39m o.s.b.w.e.tomcat.TomcatWebServer.start - Tomcat started on port(s): 8080 (http) with context path ''
17-10-2020 15:24:38.000 [35m[restartedMain][0;39m [34mINFO [0;39m o.s.d.r.c.DeferredRepositoryInitializationListener.onApplicationEvent - Triggering deferred initialization of Spring Data repositories…
17-10-2020 15:24:38.543 [35m[restartedMain][0;39m [34mINFO [0;39m o.s.d.r.c.DeferredRepositoryInitializationListener.onApplicationEvent - Spring Data repositories initialized!
17-10-2020 15:24:38.565 [35m[restartedMain][0;39m [34mINFO [0;39m com.sda.SpringBootDemo.logStarted - Started SpringBootDemo in 5.289 seconds (JVM running for 6.127)
17-10-2020 15:24:38.647 [35m[restartedMain][0;39m [34mINFO [0;39m o.s.b.a.l.ConditionEvaluationReportLoggingListener.logMessage - 

Error starting ApplicationContext. To display the conditions report re-run your application with 'debug' enabled.
17-10-2020 15:24:38.660 [35m[restartedMain][0;39m [1;31mERROR[0;39m o.s.boot.SpringApplication.reportFailure - Application run failed
java.lang.IllegalStateException: Failed to execute CommandLineRunner
	at org.springframework.boot.SpringApplication.callRunner(SpringApplication.java:798)
	at org.springframework.boot.SpringApplication.callRunners(SpringApplication.java:779)
	at org.springframework.boot.SpringApplication.run(SpringApplication.java:322)
	at org.springframework.boot.SpringApplication.run(SpringApplication.java:1237)
	at org.springframework.boot.SpringApplication.run(SpringApplication.java:1226)
	at com.sda.SpringBootDemo.main(SpringBootDemo.java:19)
	at sun.reflect.NativeMethodAccessorImpl.invoke0(Native Method)
	at sun.reflect.NativeMethodAccessorImpl.invoke(NativeMethodAccessorImpl.java:62)
	at sun.reflect.DelegatingMethodAccessorImpl.invoke(DelegatingMethodAccessorImpl.java:43)
	at java.lang.reflect.Method.invoke(Method.java:498)
	at org.springframework.boot.devtools.restart.RestartLauncher.run(RestartLauncher.java:49)
Caused by: org.hibernate.LazyInitializationException: could not initialize proxy [com.sda.model.User#1] - no Session
	at org.hibernate.proxy.AbstractLazyInitializer.initialize(AbstractLazyInitializer.java:170)
	at org.hibernate.proxy.AbstractLazyInitializer.getImplementation(AbstractLazyInitializer.java:310)
	at org.hibernate.proxy.pojo.bytebuddy.ByteBuddyInterceptor.intercept(ByteBuddyInterceptor.java:45)
	at org.hibernate.proxy.ProxyConfiguration$InterceptorDispatcher.intercept(ProxyConfiguration.java:95)
	at com.sda.model.User$HibernateProxy$BJzzs0w1.toString(Unknown Source)
	at java.lang.String.valueOf(String.java:2994)
	at java.io.PrintStream.println(PrintStream.java:821)
	at com.sda.SpringBootDemo.run(SpringBootDemo.java:25)
	at org.springframework.boot.SpringApplication.callRunner(SpringApplication.java:795)
	... 10 common frames omitted
17-10-2020 15:24:38.933 [35m[restartedMain][0;39m [34mINFO [0;39m o.s.o.j.LocalContainerEntityManagerFactoryBean.destroy - Closing JPA EntityManagerFactory for persistence unit 'default'
17-10-2020 15:24:38.935 [35m[restartedMain][0;39m [34mINFO [0;39m o.s.s.c.ThreadPoolTaskExecutor.shutdown - Shutting down ExecutorService 'applicationTaskExecutor'
17-10-2020 15:24:38.938 [35m[restartedMain][0;39m [34mINFO [0;39m com.zaxxer.hikari.HikariDataSource.close - HikariPool-1 - Shutdown initiated...
17-10-2020 15:24:38.944 [35m[restartedMain][0;39m [34mINFO [0;39m com.zaxxer.hikari.HikariDataSource.close - HikariPool-1 - Shutdown completed.
